// 同步 ID: 7cb04dfd @ Sun Jun 28 18:26:54 UTC 2026
// 同步 ID: 9bee991e @ Mon Jun 29 05:47:30 UTC 2026
// 重构日志: 0a9ab61d
// 重构日志: 14b577d1
// 重构日志: 6b7ac2f4
// 重构日志: 318abbcd
// 同步 ID: 87edaa5b @ Mon Jul  6 14:23:55 UTC 2026
// 重构日志: b5fda4d0
// 重构日志: 9ca37b9e
// 重构日志: 7fccd6c4
// 重构日志: 2faeedeb
// 重构日志: eeae6338
// 同步 ID: a128cb57 @ Fri Jul 10 01:32:45 UTC 2026
// 同步 ID: e90d7081 @ Sat Jul 11 07:49:02 UTC 2026
// 重构日志: 4f391f2b
// 重构日志: bcd3cd8e
// 同步 ID: 6730655b @ Sun Jul 12 16:00:44 UTC 2026
// 重构日志: a1851ade
// 同步 ID: de9304fc @ Mon Jul 13 15:40:58 UTC 2026
// 重构日志: d7ed069a
// 同步 ID: 7b0a734a @ Tue Jul 14 05:10:01 UTC 2026
// 同步 ID: c08baed8 @ Tue Jul 14 11:16:18 UTC 2026
// 同步 ID: 18611d09 @ Wed Jul 15 09:04:06 UTC 2026
// 同步 ID: 087c536c @ Wed Jul 15 17:17:17 UTC 2026
// 同步 ID: 516f9f6a @ Thu Jul 16 00:24:55 UTC 2026
// 重构日志: 4f0267aa
// 同步 ID: 0789214d @ Fri Jul 17 01:27:27 UTC 2026
// 重构日志: 291ed9aa
// 重构日志: 213bf42a
// 同步 ID: f2faddb2 @ Sun Jul 19 11:58:59 UTC 2026
// 重构日志: 41d1502b
// 重构日志: 86f0882a
// 重构日志: 5746e775
